{"/Users/utkukaba/Desktop/test-app/src/Counter.jsx": {"path":"/Users/utkukaba/Desktop/test-app/src/Counter.jsx","statementMap":{"0":{"start":{"line":5,"column":24},"end":{"line":5,"column":null}},"1":{"start":{"line":6,"column":2},"end":{"line":31,"column":null}},"2":{"start":{"line":12,"column":25},"end":{"line":12,"column":null}},"3":{"start":{"line":19,"column":25},"end":{"line":19,"column":null}},"4":{"start":{"line":26,"column":25},"end":{"line":26,"column":null}}},"fnMap":{"0":{"name":"App","decl":{"start":{"line":4,"column":9},"end":{"line":4,"column":15}},"loc":{"start":{"line":4,"column":15},"end":{"line":33,"column":null}},"line":4},"1":{"name":"(anonymous_1)","decl":{"start":{"line":12,"column":19},"end":{"line":12,"column":25}},"loc":{"start":{"line":12,"column":25},"end":{"line":12,"column":null}},"line":12},"2":{"name":"(anonymous_2)","decl":{"start":{"line":19,"column":19},"end":{"line":19,"column":25}},"loc":{"start":{"line":19,"column":25},"end":{"line":19,"column":null}},"line":19},"3":{"name":"(anonymous_3)","decl":{"start":{"line":26,"column":19},"end":{"line":26,"column":25}},"loc":{"start":{"line":26,"column":25},"end":{"line":26,"column":null}},"line":26}},"branchMap":{},"s":{"0":6,"1":6,"2":1,"3":1,"4":1},"f":{"0":6,"1":1,"2":1,"3":1},"b":{},"meta":{"lastBranch":0,"lastFunction":4,"lastStatement":5,"seen":{"f:4:9:4:15":0,"s:5:24:5:Infinity":0,"s:6:2:31:Infinity":1,"f:12:19:12:25":1,"s:12:25:12:Infinity":2,"f:19:19:19:25":2,"s:19:25:19:Infinity":3,"f:26:19:26:25":3,"s:26:25:26:Infinity":4}}}
}
